RUN	uk.gov.hmcts.jui.sscs.simulations.JUI_SSCSCaseJourney	jui-sscscasejourney	1559036551636	 	3.1.1
USER	SCN_JUI_SSCSJourney	1	START	1559036552440	1559036552440
REQUEST	1		PR_JUI_010_005_HomePage	1559036552460	1559036558176	OK	 
REQUEST	1		PR_JUI_010_010_HomePage	1559036558200	1559036558744	OK	 
REQUEST	1		PR_JUI_020_005_Login	1559036563839	1559036563929	OK	 
REQUEST	1		PR_JUI_020_010_Login	1559036563954	1559036563970	OK	 
REQUEST	1		PR_JUI_020_015_Login	1559036563976	1559036564055	OK	 
REQUEST	1		PR_JUI_020_020_Login	1559036564056	1559036564700	OK	 
REQUEST	1		PR_JUI_020_025_Login	1559036564702	1559036564716	OK	 
REQUEST	1		PR_JUI_020_030_Login	1559036564718	1559036564733	OK	 
REQUEST	1		PR_JUI_020_035_Login	1559036564734	1559036567125	OK	 
REQUEST	1		PR_JUI_020_040_Login	1559036567130	1559036567144	OK	 
REQUEST	1		PR_JUI_020_045_Login	1559036567145	1559036575229	OK	 
REQUEST	1		PR_JUI_020_050_Login	1559036575234	1559036575248	OK	 
REQUEST	1		PR_JUI_020_055_Login	1559036575249	1559036575263	OK	 
REQUEST	1		PR_JUI_020_060_Login	1559036575264	1559036575282	OK	 
REQUEST	1		PR_JUI_020_065_Login	1559036575283	1559036576275	OK	 
REQUEST	1		PR_JUI_020_070_Login	1559036576276	1559036576842	OK	 
REQUEST	1		PR_JUI_020_075_Login	1559036576844	1559036577529	OK	 
REQUEST	1		PR_JUI_030_005_CreateCaseLandingPage	1559036583781	1559036583796	OK	 
REQUEST	1		PR_JUI_030_010_CreateCaseLandingPage	1559036583798	1559036593101	OK	 
REQUEST	1		PR_JUI_030_015_CreateCaseLandingPage	1559036596102	1559036596134	OK	 
REQUEST	1		PR_JUI_030_020_CreateCaseLandingPage	1559036596136	1559036601815	OK	 
REQUEST	1		PR_JUI_030_025_CreateCaseLandingPage	1559036601816	1559036602472	OK	 
REQUEST	1		PR_JUI_040_005_CreateCase	1559036609715	1559036610446	OK	 
REQUEST	1		PR_JUI_040_010_CreateCase	1559036610448	1559036610834	OK	 
REQUEST	1		PR_JUI_050_005_DocumentUpload	1559036616941	1559036617333	OK	 
REQUEST	1		PR_JUI_050_010_DocumentUpload	1559036625425	1559036627061	OK	 
REQUEST	1		PR_JUI_050_015_DocumentUpload	1559036627066	1559036627088	OK	 
REQUEST	1		PR_JUI_050_020_DocumentUpload	1559036627090	1559036627982	OK	 
REQUEST	1		PR_JUI_050_005_AssignToJudge	1559036633848	1559036634841	OK	 
REQUEST	1		PR_JUI_050_010_AssignToJudge	1559036642550	1559036644496	OK	 
USER	SCN_JUI_SSCSJourney	1	END	1559036552440	1559036649702
