RUN	uk.gov.hmcts.jui.sscs.simulations.JUI_SSCSCaseJourney	jui-sscscasejourney	1557993323730	 	3.1.1
USER	SCN_JUI_SSCSJourney	1	START	1557993324562	1557993324562
REQUEST	1		PR_JUI_010_005_HomePage	1557993324586	1557993324737	OK	 
REQUEST	1		PR_JUI_010_010_HomePage	1557993324763	1557993325570	OK	 
REQUEST	1		PR_JUI_020_005_Login	1557993333853	1557993334154	OK	 
REQUEST	1		PR_JUI_020_010_Login	1557993334181	1557993334336	OK	 
REQUEST	1		PR_JUI_020_015_Login	1557993334343	1557993334836	OK	 
REQUEST	1		PR_JUI_020_020_Login	1557993334837	1557993335339	OK	 
REQUEST	1		PR_JUI_020_025_Login	1557993335341	1557993335361	OK	 
REQUEST	1		PR_JUI_020_030_Login	1557993335363	1557993335392	OK	 
REQUEST	1		PR_JUI_020_035_Login	1557993335392	1557993337445	OK	 
REQUEST	1		PR_JUI_020_040_Login	1557993337450	1557993337493	OK	 
REQUEST	1		PR_JUI_020_045_Login	1557993337494	1557993345248	OK	 
REQUEST	1		PR_JUI_020_050_Login	1557993345254	1557993345282	OK	 
REQUEST	1		PR_JUI_020_055_Login	1557993345283	1557993345312	OK	 
REQUEST	1		PR_JUI_020_060_Login	1557993345313	1557993345334	OK	 
REQUEST	1		PR_JUI_020_065_Login	1557993345335	1557993345647	OK	 
REQUEST	1		PR_JUI_020_070_Login	1557993345648	1557993346518	OK	 
REQUEST	1		PR_JUI_020_075_Login	1557993346519	1557993346936	OK	 
REQUEST	1		PR_JUI_030_005_CreateCaseLandingPage	1557993352194	1557993352238	OK	 
REQUEST	1		PR_JUI_030_010_CreateCaseLandingPage	1557993352240	1557993360265	OK	 
REQUEST	1		PR_JUI_030_015_CreateCaseLandingPage	1557993363281	1557993363380	OK	 
REQUEST	1		PR_JUI_030_020_CreateCaseLandingPage	1557993363382	1557993363822	OK	 
REQUEST	1		PR_JUI_030_025_CreateCaseLandingPage	1557993363823	1557993364261	OK	 
REQUEST	1		PR_JUI_040_005_CreateCase	1557993370268	1557993370853	OK	 
REQUEST	1		PR_JUI_040_010_CreateCase	1557993370855	1557993371410	OK	 
REQUEST	1		PR_JUI_050_005_DocumentUpload	1557993382434	1557993382834	OK	 
REQUEST	1		PR_JUI_050_010_DocumentUpload	1557993388255	1557993389820	OK	 
REQUEST	1		PR_JUI_050_015_DocumentUpload	1557993389824	1557993389849	OK	 
REQUEST	1		PR_JUI_050_020_DocumentUpload	1557993389850	1557993390309	OK	 
REQUEST	1		PR_JUI_050_005_AssignToJudge	1557993400713	1557993404194	OK	 
REQUEST	1		PR_JUI_050_010_AssignToJudge	1557993410704	1557993412748	OK	 
REQUEST	1		JUI_010_005_HomePage	1557993421792	1557993422354	OK	 
REQUEST	1		JUI_010_010_HomePage	1557993422358	1557993423636	OK	 
REQUEST	1		JUI_020_005_Login	1557993430244	1557993430550	OK	 
REQUEST	1		JUI_020_005_Login Redirect 1	1557993430556	1557993430943	OK	 
REQUEST	1		JUI_020_005_Login Redirect 2	1557993430945	1557993431023	OK	 
REQUEST	1		JUI_020_010_Login	1557993431024	1557993438995	OK	 
REQUEST	1		JUI_030_SelectCase	1557993450493	1557993452773	OK	 
REQUEST	1		JUI_040_SelectPartiesTab	1557993459004	1557993459530	OK	 
REQUEST	1		JUI_050_SelectCaseFileTab	1557993468143	1557993468279	OK	 
REQUEST	1		JUI_060_SelectTimelineTab	1557993474632	1557993474935	OK	 
REQUEST	1		JUI_070_005_OpenDocument	1557993481313	1557993481662	OK	 
REQUEST	1		JUI_070_010_OpenDocument	1557993481665	1557993483015	OK	 
REQUEST	1		JUI_080_ClickQuestionsTab	1557993489873	1557993490291	OK	 
REQUEST	1		JUI_090_005_SaveQuestion	1557993498254	1557993498851	OK	 
REQUEST	1		JUI_090_010_SaveQuestion	1557993498853	1557993498924	OK	 
REQUEST	1		JUI_100_CheckQuestionBeforeSending	1557993506523	1557993507043	OK	 
REQUEST	1		JUI_110_005_SendQuestion	1557993518952	1557993519684	OK	 
REQUEST	1		JUI_110_010_SendQuestion	1557993519686	1557993519766	OK	 
REQUEST	1		JUI_120_MakeDecision	1557993529432	1557993530105	OK	 
REQUEST	1		JUI_130_SelectPreliminaryView	1557993537103	1557993538081	OK	 
REQUEST	1		JUI_140_005_SelectAwards	1557993538082	1557993538683	OK	 
REQUEST	1		JUI_140_010_SelectAwards	1557993544772	1557993545753	OK	 
REQUEST	1		JUI_150_005_SelectAwardDates	1557993545755	1557993546202	OK	 
REQUEST	1		JUI_150_010_SelectAwardDates	1557993557553	1557993558467	OK	 
REQUEST	1		JUI_160_005_Scores	1557993558469	1557993559064	OK	 
REQUEST	1		JUI_160_010_Scores	1557993569544	1557993570355	OK	 
REQUEST	1		JUI_170_005_PreparingFood	1557993570357	1557993570838	OK	 
REQUEST	1		JUI_170_010_PreparingFood	1557993582551	1557993583755	OK	 
REQUEST	1		JUI_180_005_TakingNutrition	1557993583757	1557993584217	OK	 
REQUEST	1		JUI_180_010_TakingNutrition	1557993590923	1557993591949	OK	 
REQUEST	1		JUI_190_005_WashingBathing	1557993591951	1557993592444	OK	 
REQUEST	1		JUI_190_010_WashingBathing	1557993603194	1557993604158	OK	 
REQUEST	1		JUI_200_005_ReadingSigns	1557993604160	1557993604630	OK	 
REQUEST	1		JUI_200_010_ReadingSigns	1557993611563	1557993612539	OK	 
REQUEST	1		JUI_210_005_BudgetingDecisions	1557993612540	1557993612969	OK	 
REQUEST	1		JUI_210_010_BudgetingDecisions	1557993618813	1557993619812	OK	 
REQUEST	1		JUI_220_005_PlanningJourneys	1557993619814	1557993620237	OK	 
REQUEST	1		JUI_220_010_PlanningJourneys	1557993626233	1557993627158	OK	 
REQUEST	1		JUI_230_005_MovingAround	1557993627160	1557993627773	OK	 
REQUEST	1		JUI_230_010_MovingAround	1557993634284	1557993635203	OK	 
REQUEST	1		JUI_240_005_MakeDecisionCheck	1557993635205	1557993635692	OK	 
REQUEST	1		JUI_240_010_MakeDecisionCheck	1557993641771	1557993642768	OK	 
REQUEST	1		JUI_250_005_CheckTribunal	1557993642770	1557993643225	OK	 
REQUEST	1		JUI_250_010_CheckTribunal	1557993649541	1557993650812	OK	 
REQUEST	1		JUI_260_Logout	1557993660762	1557993661810	OK	 
USER	SCN_JUI_SSCSJourney	1	END	1557993324562	1557993661817
