RUN	uk.gov.hmcts.jui.sscs.simulations.JUI_SSCSCaseJourney	jui-sscscasejourney	1557913512231	 	3.1.1
USER	SCN_JUI_SSCSJourney	1	START	1557913513033	1557913513033
REQUEST	1		PR_JUI_010_005_HomePage	1557913513054	1557913513205	OK	 
REQUEST	1		PR_JUI_010_010_HomePage	1557913513230	1557913513901	OK	 
REQUEST	1		PR_JUI_020_005_Login	1557913522149	1557913522359	OK	 
REQUEST	1		PR_JUI_020_010_Login	1557913522380	1557913522583	OK	 
REQUEST	1		PR_JUI_020_015_Login	1557913522590	1557913523049	OK	 
REQUEST	1		PR_JUI_020_020_Login	1557913523050	1557913524073	OK	 
REQUEST	1		PR_JUI_020_025_Login	1557913524075	1557913524092	OK	 
REQUEST	1		PR_JUI_020_030_Login	1557913524093	1557913524109	OK	 
REQUEST	1		PR_JUI_020_035_Login	1557913524110	1557913526714	OK	 
REQUEST	1		PR_JUI_020_040_Login	1557913526715	1557913526738	OK	 
REQUEST	1		PR_JUI_020_045_Login	1557913526740	1557913536718	OK	 
REQUEST	1		PR_JUI_020_050_Login	1557913536718	1557913536735	OK	 
REQUEST	1		PR_JUI_020_055_Login	1557913536736	1557913536762	OK	 
REQUEST	1		PR_JUI_020_060_Login	1557913536763	1557913536778	OK	 
REQUEST	1		PR_JUI_020_065_Login	1557913536778	1557913537098	OK	 
REQUEST	1		PR_JUI_020_070_Login	1557913537099	1557913537508	OK	 
REQUEST	1		PR_JUI_020_075_Login	1557913537509	1557913537817	OK	 
REQUEST	1		PR_JUI_030_005_CreateCaseLandingPage	1557913544936	1557913545056	OK	 
REQUEST	1		PR_JUI_030_010_CreateCaseLandingPage	1557913545057	1557913552436	OK	 
REQUEST	1		PR_JUI_030_015_CreateCaseLandingPage	1557913555435	1557913555464	OK	 
REQUEST	1		PR_JUI_030_020_CreateCaseLandingPage	1557913555466	1557913560755	OK	 
REQUEST	1		PR_JUI_030_025_CreateCaseLandingPage	1557913560756	1557913561406	OK	 
REQUEST	1		PR_JUI_040_005_CreateCase	1557913572410	1557913573465	OK	 
REQUEST	1		PR_JUI_040_010_CreateCase	1557913573467	1557913573834	OK	 
REQUEST	1		PR_JUI_050_005_DocumentUpload	1557913583338	1557913586273	OK	 
REQUEST	1		PR_JUI_050_010_DocumentUpload	1557913594435	1557913595802	OK	 
REQUEST	1		PR_JUI_050_015_DocumentUpload	1557913595805	1557913595823	OK	 
REQUEST	1		PR_JUI_050_020_DocumentUpload	1557913595824	1557913596841	OK	 
REQUEST	1		PR_JUI_050_005_AssignToJudge	1557913605535	1557913606489	OK	 
REQUEST	1		PR_JUI_050_010_AssignToJudge	1557913617925	1557913619814	OK	 
REQUEST	1		JUI_010_005_HomePage	1557913629435	1557913629840	OK	 
REQUEST	1		JUI_010_010_HomePage	1557913629841	1557913630505	OK	 
REQUEST	1		JUI_020_005_Login	1557913638595	1557913638986	OK	 
REQUEST	1		JUI_020_005_Login Redirect 1	1557913638989	1557913639497	OK	 
REQUEST	1		JUI_020_005_Login Redirect 2	1557913639499	1557913639690	OK	 
REQUEST	1		JUI_020_010_Login	1557913639691	1557913649749	OK	 
REQUEST	1		JUI_030_SelectCase	1557913656539	1557913661218	OK	 
REQUEST	1		JUI_040_SelectPartiesTab	1557913668736	1557913669613	OK	 
REQUEST	1		JUI_050_SelectCaseFileTab	1557913675716	1557913675959	OK	 
REQUEST	1		JUI_060_SelectTimelineTab	1557913684148	1557913684274	OK	 
REQUEST	1		JUI_070_005_OpenDocument	1557913691868	1557913692234	OK	 
REQUEST	1		JUI_070_010_OpenDocument	1557913692236	1557913693854	OK	 
REQUEST	1		JUI_080_ClickQuestionsTab	1557913700339	1557913700530	OK	 
REQUEST	1		JUI_090_005_SaveQuestion	1557913707689	1557913708078	OK	 
REQUEST	1		JUI_090_010_SaveQuestion	1557913708081	1557913708262	OK	 
REQUEST	1		JUI_100_CheckQuestionBeforeSending	1557913719978	1557913720402	OK	 
REQUEST	1		JUI_110_005_SendQuestion	1557913729038	1557913729513	OK	 
REQUEST	1		JUI_110_010_SendQuestion	1557913729515	1557913729593	OK	 
REQUEST	1		JUI_120_MakeDecision	1557913740217	1557913741088	OK	 
REQUEST	1		JUI_130_SelectPreliminaryView	1557913748095	1557913748936	OK	 
REQUEST	1		JUI_140_005_SelectAwards	1557913748938	1557913749389	OK	 
REQUEST	1		JUI_140_010_SelectAwards	1557913760465	1557913761300	OK	 
REQUEST	1		JUI_150_005_SelectAwardDates	1557913761302	1557913761782	OK	 
REQUEST	1		JUI_150_010_SelectAwardDates	1557913769805	1557913771097	OK	 
REQUEST	1		JUI_160_005_Scores	1557913771099	1557913771594	OK	 
REQUEST	1		JUI_160_010_Scores	1557913776955	1557913777971	OK	 
REQUEST	1		JUI_170_005_PreparingFood	1557913777973	1557913778762	OK	 
REQUEST	1		JUI_170_010_PreparingFood	1557913788666	1557913789596	OK	 
REQUEST	1		JUI_180_005_TakingNutrition	1557913789597	1557913790099	OK	 
REQUEST	1		JUI_180_010_TakingNutrition	1557913795156	1557913796168	OK	 
REQUEST	1		JUI_190_005_WashingBathing	1557913796170	1557913796578	OK	 
REQUEST	1		JUI_190_010_WashingBathing	1557913802017	1557913803006	OK	 
REQUEST	1		JUI_200_005_ReadingSigns	1557913803007	1557913803448	OK	 
REQUEST	1		JUI_200_010_ReadingSigns	1557913813588	1557913814601	OK	 
REQUEST	1		JUI_210_005_BudgetingDecisions	1557913814603	1557913815003	OK	 
REQUEST	1		JUI_210_010_BudgetingDecisions	1557913820110	1557913820937	OK	 
REQUEST	1		JUI_220_005_PlanningJourneys	1557913820939	1557913821488	OK	 
REQUEST	1		JUI_220_010_PlanningJourneys	1557913830048	1557913830983	OK	 
REQUEST	1		JUI_230_005_MovingAround	1557913830985	1557913831393	OK	 
REQUEST	1		JUI_230_010_MovingAround	1557913839899	1557913841129	OK	 
REQUEST	1		JUI_240_005_MakeDecisionCheck	1557913841131	1557913841785	OK	 
REQUEST	1		JUI_240_010_MakeDecisionCheck	1557913848547	1557913849452	OK	 
REQUEST	1		JUI_250_005_CheckTribunal	1557913849454	1557913849915	OK	 
REQUEST	1		JUI_250_010_CheckTribunal	1557913857059	1557913858265	OK	 
REQUEST	1		JUI_260_Logout	1557913869079	1557913869794	OK	 
USER	SCN_JUI_SSCSJourney	1	END	1557913513033	1557913869799
