RUN	uk.gov.hmcts.jui.sscs.simulations.JUI_SSCSCaseJourney	jui-sscscasejourney	1557501022050	 	3.1.1
USER	SCN_JUI_SSCSJourney	1	START	1557501023335	1557501023335
REQUEST	1		PR_JUI_010_001_HomePage	1557501023354	1557501024614	OK	 
REQUEST	1		PR_JUI_020_005_Login	1557501031307	1557501031430	OK	 
REQUEST	1		PR_JUI_020_010_Login	1557501031451	1557501031646	OK	 
REQUEST	1		PR_JUI_020_015_Login	1557501031658	1557501031844	OK	 
REQUEST	1		PR_JUI_020_020_Login	1557501031845	1557501032302	OK	 
REQUEST	1		PR_JUI_020_025_Login	1557501032304	1557501032331	OK	 
REQUEST	1		PR_JUI_020_030_Login	1557501032333	1557501032363	OK	 
REQUEST	1		PR_JUI_020_035_Login	1557501032364	1557501034442	OK	 
REQUEST	1		PR_JUI_020_040_Login	1557501034443	1557501034609	OK	 
REQUEST	1		PR_JUI_020_045_Login	1557501034610	1557501041715	OK	 
REQUEST	1		PR_JUI_020_050_Login	1557501041716	1557501041745	OK	 
REQUEST	1		PR_JUI_020_055_Login	1557501041746	1557501041775	OK	 
REQUEST	1		PR_JUI_020_060_Login	1557501041776	1557501041805	OK	 
REQUEST	1		PR_JUI_020_065_Login	1557501041806	1557501046593	OK	 
REQUEST	1		PR_JUI_020_070_Login	1557501046594	1557501047196	OK	 
REQUEST	1		PR_JUI_020_075_Login	1557501047198	1557501047812	OK	 
REQUEST	1		PR_JUI_030_005_CreateCaseLandingPage	1557501054837	1557501054869	OK	 
REQUEST	1		PR_JUI_030_010_CreateCaseLandingPage	1557501054871	1557501062580	OK	 
REQUEST	1		PR_JUI_030_015_CreateCaseLandingPage	1557501065588	1557501065697	OK	 
REQUEST	1		PR_JUI_030_020_CreateCaseLandingPage	1557501065699	1557501069519	KO	status.find.in(200,201,202,203,204,205,206,207,208,209,304), found 500
REQUEST	1		PR_JUI_030_020_CreateCaseLandingPage	1557501069527	1557501070630	OK	 
REQUEST	1		PR_JUI_040_005_CreateCase	1557501079380	1557501080282	OK	 
REQUEST	1		PR_JUI_040_010_CreateCase	1557501080284	1557501080864	OK	 
REQUEST	1		PR_JUI_050_005_DocumentUpload	1557501090288	1557501093277	OK	 
REQUEST	1		PR_JUI_050_010_DocumentUpload	1557501098610	1557501101060	OK	 
REQUEST	1		PR_JUI_050_015_DocumentUpload	1557501101064	1557501101112	OK	 
REQUEST	1		PR_JUI_050_020_DocumentUpload	1557501101113	1557501101877	OK	 
REQUEST	1		PR_JUI_050_005_AssignToJudge	1557501113048	1557501116203	OK	 
REQUEST	1		PR_JUI_050_010_AssignToJudge	1557501127919	1557501131369	OK	 
REQUEST	1		JUI_010_005_HomePage	1557501139846	1557501140110	OK	 
REQUEST	1		JUI_010_010_HomePage	1557501140113	1557501140793	OK	 
REQUEST	1		JUI_020_005_Login	1557501149966	1557501150415	OK	 
REQUEST	1		JUI_020_005_Login Redirect 1	1557501150421	1557501150825	OK	 
REQUEST	1		JUI_020_005_Login Redirect 2	1557501150827	1557501150944	OK	 
REQUEST	1		JUI_020_010_Login	1557501150945	1557501161566	OK	 
REQUEST	1		JUI_030_SelectCase	1557501166680	1557501170024	OK	 
REQUEST	1		JUI_040_SelectPartiesTab	1557501180496	1557501180754	OK	 
REQUEST	1		JUI_050_SelectCaseFileTab	1557501187968	1557501188145	OK	 
REQUEST	1		JUI_060_SelectTimelineTab	1557501199637	1557501200295	OK	 
REQUEST	1		JUI_070_005_OpenDocument	1557501209696	1557501210607	OK	 
REQUEST	1		JUI_070_010_OpenDocument	1557501210609	1557501213867	OK	 
REQUEST	1		JUI_080_ClickQuestionsTab	1557501221797	1557501221958	OK	 
REQUEST	1		JUI_090_005_SaveQuestion	1557501233667	1557501234566	OK	 
REQUEST	1		JUI_090_010_SaveQuestion	1557501234568	1557501234746	OK	 
REQUEST	1		JUI_100_CheckQuestionBeforeSending	1557501242139	1557501242535	OK	 
REQUEST	1		JUI_110_005_SendQuestion	1557501248369	1557501248923	OK	 
REQUEST	1		JUI_110_010_SendQuestion	1557501248926	1557501249016	OK	 
REQUEST	1		JUI_120_MakeDecision	1557501258819	1557501259946	OK	 
REQUEST	1		JUI_130_SelectPreliminaryView	1557501266947	1557501268175	OK	 
REQUEST	1		JUI_140_005_SelectAwards	1557501268177	1557501268789	OK	 
REQUEST	1		JUI_140_010_SelectAwards	1557501274517	1557501275459	OK	 
REQUEST	1		JUI_150_005_SelectAwardDates	1557501275460	1557501275917	OK	 
REQUEST	1		JUI_150_010_SelectAwardDates	1557501287838	1557501288962	OK	 
REQUEST	1		JUI_160_005_Scores	1557501288964	1557501289691	OK	 
REQUEST	1		JUI_160_010_Scores	1557501300368	1557501304629	OK	 
REQUEST	1		JUI_170_005_PreparingFood	1557501304631	1557501305326	OK	 
REQUEST	1		JUI_170_010_PreparingFood	1557501314727	1557501315875	OK	 
REQUEST	1		JUI_180_005_TakingNutrition	1557501315878	1557501316406	OK	 
REQUEST	1		JUI_180_010_TakingNutrition	1557501323667	1557501325814	OK	 
REQUEST	1		JUI_190_005_WashingBathing	1557501325815	1557501326528	OK	 
REQUEST	1		JUI_190_010_WashingBathing	1557501333689	1557501334838	OK	 
REQUEST	1		JUI_200_005_ReadingSigns	1557501334840	1557501335460	OK	 
REQUEST	1		JUI_200_010_ReadingSigns	1557501344218	1557501345206	OK	 
REQUEST	1		JUI_210_005_BudgetingDecisions	1557501345208	1557501345717	OK	 
REQUEST	1		JUI_210_010_BudgetingDecisions	1557501355277	1557501356312	OK	 
REQUEST	1		JUI_220_005_PlanningJourneys	1557501356314	1557501356853	OK	 
REQUEST	1		JUI_220_010_PlanningJourneys	1557501363726	1557501364691	OK	 
REQUEST	1		JUI_230_005_MovingAround	1557501364693	1557501365344	OK	 
REQUEST	1		JUI_230_010_MovingAround	1557501375078	1557501376193	OK	 
REQUEST	1		JUI_240_005_MakeDecisionCheck	1557501376195	1557501376757	OK	 
REQUEST	1		JUI_240_010_MakeDecisionCheck	1557501387236	1557501388542	OK	 
REQUEST	1		JUI_250_005_CheckTribunal	1557501388544	1557501389174	OK	 
REQUEST	1		JUI_250_010_CheckTribunal	1557501398467	1557501399711	OK	 
REQUEST	1		JUI_260_Logout	1557501405898	1557501406722	OK	 
USER	SCN_JUI_SSCSJourney	1	END	1557501023335	1557501406727
