RUN	uk.gov.hmcts.jui.sscs.simulations.JUI_SSCSCaseJourney	jui-sscscasejourney	1557928158714	 	3.1.1
USER	SCN_JUI_SSCSJourney	1	START	1557928159390	1557928159390
REQUEST	1		PR_JUI_010_005_HomePage	1557928159408	1557928159571	OK	 
REQUEST	1		PR_JUI_010_010_HomePage	1557928159595	1557928160311	OK	 
REQUEST	1		PR_JUI_020_005_Login	1557928168091	1557928168267	OK	 
REQUEST	1		PR_JUI_020_010_Login	1557928168288	1557928168380	OK	 
REQUEST	1		PR_JUI_020_015_Login	1557928168388	1557928168468	OK	 
REQUEST	1		PR_JUI_020_020_Login	1557928168469	1557928169149	OK	 
REQUEST	1		PR_JUI_020_025_Login	1557928169150	1557928169164	OK	 
REQUEST	1		PR_JUI_020_030_Login	1557928169167	1557928169180	OK	 
REQUEST	1		PR_JUI_020_035_Login	1557928169181	1557928171558	OK	 
REQUEST	1		PR_JUI_020_040_Login	1557928171559	1557928171574	OK	 
REQUEST	1		PR_JUI_020_045_Login	1557928171576	1557928179174	OK	 
REQUEST	1		PR_JUI_020_050_Login	1557928179176	1557928179195	OK	 
REQUEST	1		PR_JUI_020_055_Login	1557928179196	1557928179216	OK	 
REQUEST	1		PR_JUI_020_060_Login	1557928179217	1557928179231	OK	 
REQUEST	1		PR_JUI_020_065_Login	1557928179232	1557928179890	OK	 
REQUEST	1		PR_JUI_020_070_Login	1557928179891	1557928180218	OK	 
REQUEST	1		PR_JUI_020_075_Login	1557928180219	1557928181547	OK	 
REQUEST	1		PR_JUI_030_005_CreateCaseLandingPage	1557928189185	1557928189282	OK	 
REQUEST	1		PR_JUI_030_010_CreateCaseLandingPage	1557928189284	1557928196257	OK	 
REQUEST	1		PR_JUI_030_015_CreateCaseLandingPage	1557928199265	1557928199295	OK	 
REQUEST	1		PR_JUI_030_020_CreateCaseLandingPage	1557928199297	1557928204300	OK	 
REQUEST	1		PR_JUI_030_025_CreateCaseLandingPage	1557928204302	1557928204913	OK	 
REQUEST	1		PR_JUI_040_005_CreateCase	1557928213237	1557928213970	OK	 
REQUEST	1		PR_JUI_040_010_CreateCase	1557928213973	1557928214602	OK	 
REQUEST	1		PR_JUI_050_005_DocumentUpload	1557928219632	1557928220031	OK	 
REQUEST	1		PR_JUI_050_010_DocumentUpload	1557928229494	1557928230959	OK	 
REQUEST	1		PR_JUI_050_015_DocumentUpload	1557928230963	1557928230980	OK	 
REQUEST	1		PR_JUI_050_020_DocumentUpload	1557928230981	1557928231704	OK	 
REQUEST	1		PR_JUI_050_005_AssignToJudge	1557928237063	1557928241741	OK	 
REQUEST	1		PR_JUI_050_010_AssignToJudge	1557928248375	1557928250531	OK	 
REQUEST	1		JUI_010_005_HomePage	1557928260515	1557928260672	OK	 
REQUEST	1		JUI_010_010_HomePage	1557928260674	1557928261410	OK	 
REQUEST	1		JUI_020_005_Login	1557928272095	1557928272459	OK	 
REQUEST	1		JUI_020_005_Login Redirect 1	1557928272464	1557928272891	OK	 
REQUEST	1		JUI_020_005_Login Redirect 2	1557928272893	1557928273076	OK	 
REQUEST	1		JUI_020_010_Login	1557928273078	1557928283312	OK	 
REQUEST	1		JUI_030_SelectCase	1557928292815	1557928296010	OK	 
REQUEST	1		JUI_040_SelectPartiesTab	1557928307234	1557928307788	OK	 
REQUEST	1		JUI_050_SelectCaseFileTab	1557928314964	1557928315229	OK	 
REQUEST	1		JUI_060_SelectTimelineTab	1557928327064	1557928327395	OK	 
REQUEST	1		JUI_070_005_OpenDocument	1557928335154	1557928336047	OK	 
REQUEST	1		JUI_070_010_OpenDocument	1557928336049	1557928343012	OK	 
REQUEST	1		JUI_080_ClickQuestionsTab	1557928353985	1557928354316	OK	 
REQUEST	1		JUI_090_005_SaveQuestion	1557928363214	1557928363695	OK	 
REQUEST	1		JUI_090_010_SaveQuestion	1557928363697	1557928363774	OK	 
REQUEST	1		JUI_100_CheckQuestionBeforeSending	1557928368974	1557928369423	OK	 
REQUEST	1		JUI_110_005_SendQuestion	1557928378324	1557928378850	OK	 
REQUEST	1		JUI_110_010_SendQuestion	1557928378855	1557928378942	OK	 
REQUEST	1		JUI_120_MakeDecision	1557928385242	1557928385916	OK	 
REQUEST	1		JUI_130_SelectPreliminaryView	1557928392914	1557928393890	OK	 
REQUEST	1		JUI_140_005_SelectAwards	1557928393893	1557928394505	OK	 
REQUEST	1		JUI_140_010_SelectAwards	1557928402942	1557928403884	OK	 
REQUEST	1		JUI_150_005_SelectAwardDates	1557928403886	1557928404451	OK	 
REQUEST	1		JUI_150_010_SelectAwardDates	1557928412263	1557928413267	OK	 
REQUEST	1		JUI_160_005_Scores	1557928413268	1557928413768	OK	 
REQUEST	1		JUI_160_010_Scores	1557928421634	1557928422506	OK	 
REQUEST	1		JUI_170_005_PreparingFood	1557928422508	1557928422889	OK	 
REQUEST	1		JUI_170_010_PreparingFood	1557928428473	1557928429446	OK	 
REQUEST	1		JUI_180_005_TakingNutrition	1557928429448	1557928429948	OK	 
REQUEST	1		JUI_180_010_TakingNutrition	1557928439314	1557928440597	OK	 
REQUEST	1		JUI_190_005_WashingBathing	1557928440599	1557928441222	OK	 
REQUEST	1		JUI_190_010_WashingBathing	1557928447254	1557928448344	OK	 
REQUEST	1		JUI_200_005_ReadingSigns	1557928448346	1557928449040	OK	 
REQUEST	1		JUI_200_010_ReadingSigns	1557928459223	1557928460194	OK	 
REQUEST	1		JUI_210_005_BudgetingDecisions	1557928460196	1557928460586	OK	 
REQUEST	1		JUI_210_010_BudgetingDecisions	1557928470924	1557928471785	OK	 
REQUEST	1		JUI_220_005_PlanningJourneys	1557928471788	1557928472324	OK	 
REQUEST	1		JUI_220_010_PlanningJourneys	1557928483254	1557928484630	OK	 
REQUEST	1		JUI_230_005_MovingAround	1557928484632	1557928485333	OK	 
REQUEST	1		JUI_230_010_MovingAround	1557928494194	1557928495466	OK	 
REQUEST	1		JUI_240_005_MakeDecisionCheck	1557928495468	1557928496042	OK	 
REQUEST	1		JUI_240_010_MakeDecisionCheck	1557928504634	1557928505444	OK	 
REQUEST	1		JUI_250_005_CheckTribunal	1557928505446	1557928505931	OK	 
REQUEST	1		JUI_250_010_CheckTribunal	1557928515415	1557928516884	OK	 
REQUEST	1		JUI_260_Logout	1557928523035	1557928523819	OK	 
USER	SCN_JUI_SSCSJourney	1	END	1557928159390	1557928523824
