RUN	uk.gov.hmcts.jui.sscs.simulations.JUI_SSCSCaseJourney	jui-sscscasejourney	1557910647349	 	3.1.1
USER	SCN_JUI_SSCSJourney	1	START	1557910648154	1557910648154
REQUEST	1		PR_JUI_010_005_HomePage	1557910648176	1557910648291	OK	 
REQUEST	1		PR_JUI_010_001_HomePage	1557910654388	1557910655255	OK	 
REQUEST	1		PR_JUI_020_005_Login	1557910664364	1557910664449	OK	 
REQUEST	1		PR_JUI_020_010_Login	1557910664472	1557910664572	OK	 
REQUEST	1		PR_JUI_020_015_Login	1557910664581	1557910664658	OK	 
REQUEST	1		PR_JUI_020_020_Login	1557910664659	1557910665174	OK	 
REQUEST	1		PR_JUI_020_025_Login	1557910665176	1557910665192	OK	 
REQUEST	1		PR_JUI_020_030_Login	1557910665194	1557910665208	OK	 
REQUEST	1		PR_JUI_020_035_Login	1557910665209	1557910667811	OK	 
REQUEST	1		PR_JUI_020_040_Login	1557910667812	1557910667847	OK	 
REQUEST	1		PR_JUI_020_045_Login	1557910667848	1557910675043	OK	 
REQUEST	1		PR_JUI_020_050_Login	1557910675044	1557910675059	OK	 
REQUEST	1		PR_JUI_020_055_Login	1557910675060	1557910675076	OK	 
REQUEST	1		PR_JUI_020_060_Login	1557910675078	1557910675095	OK	 
REQUEST	1		PR_JUI_020_065_Login	1557910675096	1557910675968	OK	 
REQUEST	1		PR_JUI_020_070_Login	1557910675969	1557910676346	OK	 
REQUEST	1		PR_JUI_020_075_Login	1557910676347	1557910676745	OK	 
REQUEST	1		PR_JUI_030_005_CreateCaseLandingPage	1557910682196	1557910682223	OK	 
REQUEST	1		PR_JUI_030_010_CreateCaseLandingPage	1557910682225	1557910689175	OK	 
REQUEST	1		PR_JUI_030_015_CreateCaseLandingPage	1557910692175	1557910692200	OK	 
REQUEST	1		PR_JUI_030_020_CreateCaseLandingPage	1557910692202	1557910696882	OK	 
REQUEST	1		PR_JUI_030_025_CreateCaseLandingPage	1557910696882	1557910701727	OK	 
REQUEST	1		PR_JUI_040_005_CreateCase	1557910713499	1557910714154	OK	 
REQUEST	1		PR_JUI_040_010_CreateCase	1557910714157	1557910714531	OK	 
REQUEST	1		PR_JUI_050_005_DocumentUpload	1557910720364	1557910723328	OK	 
REQUEST	1		PR_JUI_050_010_DocumentUpload	1557910728955	1557910730385	OK	 
REQUEST	1		PR_JUI_050_015_DocumentUpload	1557910730389	1557910730409	OK	 
REQUEST	1		PR_JUI_050_020_DocumentUpload	1557910730409	1557910731538	OK	 
REQUEST	1		PR_JUI_050_005_AssignToJudge	1557910742744	1557910745637	OK	 
REQUEST	1		PR_JUI_050_010_AssignToJudge	1557910753606	1557910756433	OK	 
REQUEST	1		JUI_010_005_HomePage	1557910762106	1557910762262	OK	 
REQUEST	1		JUI_010_010_HomePage	1557910762264	1557910762965	OK	 
REQUEST	1		JUI_020_005_Login	1557910772797	1557910773102	OK	 
REQUEST	1		JUI_020_005_Login Redirect 1	1557910773107	1557910773922	OK	 
REQUEST	1		JUI_020_005_Login Redirect 2	1557910773923	1557910773981	OK	 
REQUEST	1		JUI_020_010_Login	1557910773983	1557910784571	OK	 
REQUEST	1		JUI_030_SelectCase	1557910793515	1557910796864	OK	 
REQUEST	1		JUI_040_SelectPartiesTab	1557910803085	1557910803412	OK	 
REQUEST	1		JUI_050_SelectCaseFileTab	1557910808557	1557910808710	OK	 
REQUEST	1		JUI_060_SelectTimelineTab	1557910813966	1557910814267	OK	 
REQUEST	1		JUI_070_005_OpenDocument	1557910825775	1557910826248	OK	 
REQUEST	1		JUI_070_010_OpenDocument	1557910826250	1557910832589	OK	 
REQUEST	1		JUI_080_ClickQuestionsTab	1557910838167	1557910838286	OK	 
REQUEST	1		JUI_090_005_SaveQuestion	1557910847645	1557910848111	OK	 
REQUEST	1		JUI_090_010_SaveQuestion	1557910848113	1557910848185	OK	 
REQUEST	1		JUI_100_CheckQuestionBeforeSending	1557910853324	1557910853649	OK	 
REQUEST	1		JUI_110_005_SendQuestion	1557910859636	1557910860039	OK	 
REQUEST	1		JUI_110_010_SendQuestion	1557910860041	1557910860100	OK	 
REQUEST	1		JUI_120_MakeDecision	1557910866186	1557910866897	OK	 
REQUEST	1		JUI_130_SelectPreliminaryView	1557910873896	1557910874877	OK	 
REQUEST	1		JUI_140_005_SelectAwards	1557910874879	1557910875502	OK	 
REQUEST	1		JUI_140_010_SelectAwards	1557910880725	1557910881580	OK	 
REQUEST	1		JUI_150_005_SelectAwardDates	1557910881581	1557910881982	OK	 
REQUEST	1		JUI_150_010_SelectAwardDates	1557910888026	1557910888949	OK	 
REQUEST	1		JUI_160_005_Scores	1557910888951	1557910889464	OK	 
REQUEST	1		JUI_160_010_Scores	1557910898037	1557910898893	OK	 
REQUEST	1		JUI_170_005_PreparingFood	1557910898895	1557910899370	OK	 
REQUEST	1		JUI_170_010_PreparingFood	1557910907344	1557910908269	OK	 
REQUEST	1		JUI_180_005_TakingNutrition	1557910908272	1557910908780	OK	 
REQUEST	1		JUI_180_010_TakingNutrition	1557910917056	1557910918560	OK	 
REQUEST	1		JUI_190_005_WashingBathing	1557910918562	1557910920046	OK	 
REQUEST	1		JUI_190_010_WashingBathing	1557910926884	1557910927930	OK	 
REQUEST	1		JUI_200_005_ReadingSigns	1557910927932	1557910928443	OK	 
REQUEST	1		JUI_200_010_ReadingSigns	1557910936774	1557910937673	OK	 
REQUEST	1		JUI_210_005_BudgetingDecisions	1557910937674	1557910938274	OK	 
REQUEST	1		JUI_210_010_BudgetingDecisions	1557910949595	1557910950496	OK	 
REQUEST	1		JUI_220_005_PlanningJourneys	1557910950498	1557910951083	OK	 
REQUEST	1		JUI_220_010_PlanningJourneys	1557910962156	1557910963027	OK	 
REQUEST	1		JUI_230_005_MovingAround	1557910963028	1557910963587	OK	 
REQUEST	1		JUI_230_010_MovingAround	1557910969147	1557910970231	OK	 
REQUEST	1		JUI_240_005_MakeDecisionCheck	1557910970233	1557910970752	OK	 
REQUEST	1		JUI_240_010_MakeDecisionCheck	1557910981954	1557910982962	OK	 
REQUEST	1		JUI_250_005_CheckTribunal	1557910982963	1557910983583	OK	 
REQUEST	1		JUI_250_010_CheckTribunal	1557910992924	1557910996741	OK	 
REQUEST	1		JUI_260_Logout	1557911007516	1557911008169	OK	 
USER	SCN_JUI_SSCSJourney	1	END	1557910648154	1557911008176
