RUN	uk.gov.hmcts.jui.sscs.simulations.JUI_SSCSCaseJourney	jui-sscscasejourney	1557491817029	 	3.1.1
USER	SCN_JUI_SSCSJourney	1	START	1557491818102	1557491818102
REQUEST	1		PR_JUI_010_005_HomePage	1557491818119	1557491818315	OK	 
REQUEST	1		PR_JUI_010_001_HomePage	1557491830312	1557491831383	OK	 
REQUEST	1		PR_JUI_020_005_Login	1557491842487	1557491842625	OK	 
REQUEST	1		PR_JUI_020_010_Login	1557491842646	1557491843103	OK	 
REQUEST	1		PR_JUI_020_015_Login	1557491843111	1557491843520	OK	 
REQUEST	1		PR_JUI_020_020_Login	1557491843521	1557491844178	OK	 
REQUEST	1		PR_JUI_020_025_Login	1557491844179	1557491844212	OK	 
REQUEST	1		PR_JUI_020_030_Login	1557491844214	1557491844345	OK	 
REQUEST	1		PR_JUI_020_035_Login	1557491844347	1557491846608	OK	 
REQUEST	1		PR_JUI_020_040_Login	1557491846609	1557491846639	OK	 
REQUEST	1		PR_JUI_020_045_Login	1557491846641	1557491854703	OK	 
REQUEST	1		PR_JUI_020_050_Login	1557491854704	1557491854733	OK	 
REQUEST	1		PR_JUI_020_055_Login	1557491854734	1557491854763	OK	 
REQUEST	1		PR_JUI_020_060_Login	1557491854764	1557491854794	OK	 
REQUEST	1		PR_JUI_020_065_Login	1557491854795	1557491855469	OK	 
REQUEST	1		PR_JUI_020_070_Login	1557491855469	1557491855925	OK	 
REQUEST	1		PR_JUI_020_075_Login	1557491855926	1557491856287	OK	 
REQUEST	1		PR_JUI_030_005_CreateCaseLandingPage	1557491867241	1557491867275	OK	 
REQUEST	1		PR_JUI_030_010_CreateCaseLandingPage	1557491867277	1557491874636	OK	 
REQUEST	1		PR_JUI_030_015_CreateCaseLandingPage	1557491877631	1557491877674	OK	 
REQUEST	1		PR_JUI_030_020_CreateCaseLandingPage	1557491877675	1557491882439	OK	 
REQUEST	1		PR_JUI_030_025_CreateCaseLandingPage	1557491882440	1557491883042	OK	 
REQUEST	1		PR_JUI_040_005_CreateCase	1557491894385	1557491894996	OK	 
REQUEST	1		PR_JUI_040_010_CreateCase	1557491894998	1557491895405	OK	 
REQUEST	1		PR_JUI_050_005_DocumentUpload	1557491901750	1557491902520	OK	 
REQUEST	1		PR_JUI_050_010_DocumentUpload	1557491913272	1557491932280	OK	 
REQUEST	1		PR_JUI_050_015_DocumentUpload	1557491932283	1557491932314	OK	 
REQUEST	1		PR_JUI_050_020_DocumentUpload	1557491932315	1557491933293	OK	 
REQUEST	1		PR_JUI_050_005_AssignToJudge	1557491941880	1557491942517	OK	 
REQUEST	1		PR_JUI_050_010_AssignToJudge	1557491949420	1557491951446	OK	 
REQUEST	1		JUI_010_005_HomePage	1557491958973	1557491960338	OK	 
REQUEST	1		JUI_010_010_HomePage	1557491960339	1557491961283	OK	 
REQUEST	1		JUI_020_005_Login	1557491972011	1557491972308	OK	 
REQUEST	1		JUI_020_005_Login Redirect 1	1557491972313	1557491974323	OK	 
REQUEST	1		JUI_020_005_Login Redirect 2	1557491974324	1557491974685	OK	 
REQUEST	1		JUI_020_010_Login	1557491974686	1557491996108	OK	 
REQUEST	1		JUI_030_SelectCase	1557492004172	1557492010597	OK	 
REQUEST	1		JUI_040_SelectPartiesTab	1557492018801	1557492019090	OK	 
REQUEST	1		JUI_050_SelectCaseFileTab	1557492029102	1557492029517	OK	 
REQUEST	1		JUI_060_SelectTimelineTab	1557492039031	1557492039349	OK	 
REQUEST	1		JUI_070_005_OpenDocument	1557492051320	1557492052318	OK	 
REQUEST	1		JUI_070_010_OpenDocument	1557492052320	1557492055478	OK	 
REQUEST	1		JUI_080_ClickQuestionsTab	1557492062921	1557492063114	OK	 
REQUEST	1		JUI_090_005_SaveQuestion	1557492074581	1557492075275	OK	 
REQUEST	1		JUI_090_010_SaveQuestion	1557492075277	1557492075426	OK	 
REQUEST	1		JUI_100_CheckQuestionBeforeSending	1557492083491	1557492083901	OK	 
REQUEST	1		JUI_110_005_SendQuestion	1557492089680	1557492090270	OK	 
REQUEST	1		JUI_110_010_SendQuestion	1557492090271	1557492090578	OK	 
REQUEST	1		JUI_120_MakeDecision	1557492100082	1557492101844	OK	 
REQUEST	1		JUI_130_SelectPreliminaryView	1557492108842	1557492110342	OK	 
REQUEST	1		JUI_140_005_SelectAwards	1557492110344	1557492111166	OK	 
REQUEST	1		JUI_140_010_SelectAwards	1557492121352	1557492122286	OK	 
REQUEST	1		JUI_150_005_SelectAwardDates	1557492122288	1557492122938	OK	 
REQUEST	1		JUI_150_010_SelectAwardDates	1557492134389	1557492135240	OK	 
REQUEST	1		JUI_160_005_Scores	1557492135241	1557492135794	OK	 
REQUEST	1		JUI_160_010_Scores	1557492143010	1557492144024	OK	 
REQUEST	1		JUI_170_005_PreparingFood	1557492144026	1557492144743	OK	 
REQUEST	1		JUI_170_010_PreparingFood	1557492150359	1557492151761	OK	 
REQUEST	1		JUI_180_005_TakingNutrition	1557492151763	1557492152222	OK	 
REQUEST	1		JUI_180_010_TakingNutrition	1557492163452	1557492165522	OK	 
REQUEST	1		JUI_190_005_WashingBathing	1557492165524	1557492166970	OK	 
REQUEST	1		JUI_190_010_WashingBathing	1557492175470	1557492176902	OK	 
REQUEST	1		JUI_200_005_ReadingSigns	1557492176904	1557492177720	OK	 
REQUEST	1		JUI_200_010_ReadingSigns	1557492188600	1557492189536	OK	 
REQUEST	1		JUI_210_005_BudgetingDecisions	1557492189538	1557492189925	OK	 
REQUEST	1		JUI_210_010_BudgetingDecisions	1557492200321	1557492201458	OK	 
REQUEST	1		JUI_220_005_PlanningJourneys	1557492201460	1557492202427	OK	 
REQUEST	1		JUI_220_010_PlanningJourneys	1557492210321	1557492212301	OK	 
REQUEST	1		JUI_230_005_MovingAround	1557492212303	1557492214025	OK	 
REQUEST	1		JUI_230_010_MovingAround	1557492220760	1557492221846	OK	 
REQUEST	1		JUI_240_005_MakeDecisionCheck	1557492221848	1557492222369	OK	 
REQUEST	1		JUI_240_010_MakeDecisionCheck	1557492233710	1557492234622	OK	 
REQUEST	1		JUI_250_005_CheckTribunal	1557492234624	1557492235115	OK	 
REQUEST	1		JUI_250_010_CheckTribunal	1557492246920	1557492248520	OK	 
REQUEST	1		JUI_260_Logout	1557492253951	1557492255002	OK	 
USER	SCN_JUI_SSCSJourney	1	END	1557491818102	1557492255005
